
*** Running vivado
    with args -log design_1_axi_gpio_0_2.vds -m64 -product Vivado -mode batch -messageDb vivado.pb -notrace -source design_1_axi_gpio_0_2.tcl


****** Vivado v2025.1 (64-bit)
  **** SW Build 6140274 on Wed May 21 22:58:25 MDT 2025
  **** IP Build 6138677 on Thu May 22 03:10:11 MDT 2025
  **** SharedData Build 6139179 on Tue May 20 17:58:58 MDT 2025
  **** Start of session at: Tue Nov 11 00:18:53 2025
    ** Copyright 1986-2022 Xilinx, Inc. All Rights Reserved.
    ** Copyright 2022-2025 Advanced Micro Devices, Inc. All Rights Reserved.

source design_1_axi_gpio_0_2.tcl -notrace
Command: synth_design -top design_1_axi_gpio_0_2 -part xc7z020clg400-1 -incremental_mode off -mode out_of_context
Starting synth_design
Attempting to get a license for feature 'Synthesis' and/or device 'xc7z020'
INFO: [Common 17-349] Got license for feature 'Synthesis' and/or device 'xc7z020'
INFO: [Device 21-403] Loading part xc7z020clg400-1
INFO: [Synth 8-7079] Multithreading enabled for synth_design using a maximum of 7 processes.
INFO: [Synth 8-7078] Launching helper process for spawning children vivado processes
INFO: [Synth 8-7075] Helper process launched with PID 227900
---------------------------------------------------------------------------------
Starting RTL Elaboration : Time (s): cpu = 00:00:03 ; elapsed = 00:00:03 . Memory (MB): peak = 2126.746 ; gain = 439.828 ; free physical = 803 ; free virtual = 6390
---------------------------------------------------------------------------------
INFO: [Synth 8-638] synthesizing module 'design_1_axi_gpio_0_2' [/home/agamubuntu/Github/processor/riscv/riscv.gen/sources_1/bd/design_1/ip/design_1_axi_gpio_0_2/synth/design_1_axi_gpio_0_2.vhd:84]
	Parameter C_FAMILY bound to: zynq - type: string 
	Parameter C_S_AXI_ADDR_WIDTH bound to: 9 - type: integer 
	Parameter C_S_AXI_DATA_WIDTH bound to: 32 - type: integer 
	Parameter C_GPIO_WIDTH bound to: 32 - type: integer 
	Parameter C_GPIO2_WIDTH bound to: 32 - type: integer 
	Parameter C_ALL_INPUTS bound to: 1 - type: integer 
	Parameter C_ALL_INPUTS_2 bound to: 0 - type: integer 
	Parameter C_ALL_OUTPUTS bound to: 0 - type: integer 
	Parameter C_ALL_OUTPUTS_2 bound to: 0 - type: integer 
	Parameter C_INTERRUPT_PRESENT bound to: 0 - type: integer 
	Parameter C_DOUT_DEFAULT bound to: 32'b00000000000000000000000000000000 
	Parameter C_TRI_DEFAULT bound to: 32'b11111111111111111111111111111111 
	Parameter C_IS_DUAL bound to: 0 - type: integer 
	Parameter C_DOUT_DEFAULT_2 bound to: 32'b00000000000000000000000000000000 
	Parameter C_TRI_DEFAULT_2 bound to: 32'b11111111111111111111111111111111 
INFO: [Synth 8-3491] module 'axi_gpio' declared at '/home/agamubuntu/Github/processor/riscv/riscv.gen/sources_1/bd/design_1/ipshared/0271/hdl/axi_gpio_v2_0_vh_rfs.vhd:1255' bound to instance 'U0' of component 'axi_gpio' [/home/agamubuntu/Github/processor/riscv/riscv.gen/sources_1/bd/design_1/ip/design_1_axi_gpio_0_2/synth/design_1_axi_gpio_0_2.vhd:173]
INFO: [Synth 8-638] synthesizing module 'axi_gpio' [/home/agamubuntu/Github/processor/riscv/riscv.gen/sources_1/bd/design_1/ipshared/0271/hdl/axi_gpio_v2_0_vh_rfs.vhd:1341]
INFO: [Synth 8-638] synthesizing module 'axi_lite_ipif' [/home/agamubuntu/Github/processor/riscv/riscv.gen/sources_1/bd/design_1/ipshared/66ea/hdl/axi_lite_ipif_v3_0_vh_rfs.vhd:2948]
INFO: [Synth 8-638] synthesizing module 'slave_attachment' [/home/agamubuntu/Github/processor/riscv/riscv.gen/sources_1/bd/design_1/ipshared/66ea/hdl/axi_lite_ipif_v3_0_vh_rfs.vhd:2341]
INFO: [Synth 8-638] synthesizing module 'address_decoder' [/home/agamubuntu/Github/processor/riscv/riscv.gen/sources_1/bd/design_1/ipshared/66ea/hdl/axi_lite_ipif_v3_0_vh_rfs.vhd:1775]
INFO: [Synth 8-638] synthesizing module 'pselect_f' [/home/agamubuntu/Github/processor/riscv/riscv.gen/sources_1/bd/design_1/ipshared/66ea/hdl/axi_lite_ipif_v3_0_vh_rfs.vhd:1534]
INFO: [Synth 8-256] done synthesizing module 'pselect_f' (0#1) [/home/agamubuntu/Github/processor/riscv/riscv.gen/sources_1/bd/design_1/ipshared/66ea/hdl/axi_lite_ipif_v3_0_vh_rfs.vhd:1534]
INFO: [Synth 8-638] synthesizing module 'pselect_f__parameterized0' [/home/agamubuntu/Github/processor/riscv/riscv.gen/sources_1/bd/design_1/ipshared/66ea/hdl/axi_lite_ipif_v3_0_vh_rfs.vhd:1534]
INFO: [Synth 8-256] done synthesizing module 'pselect_f__parameterized0' (0#1) [/home/agamubuntu/Github/processor/riscv/riscv.gen/sources_1/bd/design_1/ipshared/66ea/hdl/axi_lite_ipif_v3_0_vh_rfs.vhd:1534]
INFO: [Synth 8-638] synthesizing module 'pselect_f__parameterized1' [/home/agamubuntu/Github/processor/riscv/riscv.gen/sources_1/bd/design_1/ipshared/66ea/hdl/axi_lite_ipif_v3_0_vh_rfs.vhd:1534]
INFO: [Synth 8-256] done synthesizing module 'pselect_f__parameterized1' (0#1) [/home/agamubuntu/Github/processor/riscv/riscv.gen/sources_1/bd/design_1/ipshared/66ea/hdl/axi_lite_ipif_v3_0_vh_rfs.vhd:1534]
INFO: [Synth 8-638] synthesizing module 'pselect_f__parameterized2' [/home/agamubuntu/Github/processor/riscv/riscv.gen/sources_1/bd/design_1/ipshared/66ea/hdl/axi_lite_ipif_v3_0_vh_rfs.vhd:1534]
INFO: [Synth 8-256] done synthesizing module 'pselect_f__parameterized2' (0#1) [/home/agamubuntu/Github/processor/riscv/riscv.gen/sources_1/bd/design_1/ipshared/66ea/hdl/axi_lite_ipif_v3_0_vh_rfs.vhd:1534]
INFO: [Synth 8-256] done synthesizing module 'address_decoder' (0#1) [/home/agamubuntu/Github/processor/riscv/riscv.gen/sources_1/bd/design_1/ipshared/66ea/hdl/axi_lite_ipif_v3_0_vh_rfs.vhd:1775]
INFO: [Synth 8-226] default block is never used [/home/agamubuntu/Github/processor/riscv/riscv.gen/sources_1/bd/design_1/ipshared/66ea/hdl/axi_lite_ipif_v3_0_vh_rfs.vhd:2550]
INFO: [Synth 8-256] done synthesizing module 'slave_attachment' (0#1) [/home/agamubuntu/Github/processor/riscv/riscv.gen/sources_1/bd/design_1/ipshared/66ea/hdl/axi_lite_ipif_v3_0_vh_rfs.vhd:2341]
INFO: [Synth 8-256] done synthesizing module 'axi_lite_ipif' (0#1) [/home/agamubuntu/Github/processor/riscv/riscv.gen/sources_1/bd/design_1/ipshared/66ea/hdl/axi_lite_ipif_v3_0_vh_rfs.vhd:2948]
INFO: [Synth 8-638] synthesizing module 'GPIO_Core' [/home/agamubuntu/Github/processor/riscv/riscv.gen/sources_1/bd/design_1/ipshared/0271/hdl/axi_gpio_v2_0_vh_rfs.vhd:182]
INFO: [Synth 8-226] default block is never used [/home/agamubuntu/Github/processor/riscv/riscv.gen/sources_1/bd/design_1/ipshared/0271/hdl/axi_gpio_v2_0_vh_rfs.vhd:447]
	Parameter DEST_SYNC_FF bound to: 4 - type: integer 
	Parameter INIT_SYNC_FF bound to: 0 - type: integer 
	Parameter SIM_ASSERT_CHK bound to: 0 - type: integer 
	Parameter SRC_INPUT_REG bound to: 0 - type: integer 
	Parameter WIDTH bound to: 32 - type: integer 
INFO: [Synth 8-3491] module 'xpm_cdc_array_single' declared at '/home/agamubuntu/Xilinx/2025.1/Vivado/data/ip/xpm/xpm_cdc/hdl/xpm_cdc.sv:903' bound to instance 'INPUT_DOUBLE_REGS3' of component 'xpm_cdc_array_single' [/home/agamubuntu/Github/processor/riscv/riscv.gen/sources_1/bd/design_1/ipshared/0271/hdl/axi_gpio_v2_0_vh_rfs.vhd:458]
INFO: [Synth 8-6157] synthesizing module 'xpm_cdc_array_single' [/home/agamubuntu/Xilinx/2025.1/Vivado/data/ip/xpm/xpm_cdc/hdl/xpm_cdc.sv:903]
INFO: [Synth 8-6155] done synthesizing module 'xpm_cdc_array_single' (0#1) [/home/agamubuntu/Xilinx/2025.1/Vivado/data/ip/xpm/xpm_cdc/hdl/xpm_cdc.sv:903]
INFO: [Synth 8-256] done synthesizing module 'GPIO_Core' (0#1) [/home/agamubuntu/Github/processor/riscv/riscv.gen/sources_1/bd/design_1/ipshared/0271/hdl/axi_gpio_v2_0_vh_rfs.vhd:182]
INFO: [Synth 8-256] done synthesizing module 'axi_gpio' (0#1) [/home/agamubuntu/Github/processor/riscv/riscv.gen/sources_1/bd/design_1/ipshared/0271/hdl/axi_gpio_v2_0_vh_rfs.vhd:1341]
INFO: [Synth 8-256] done synthesizing module 'design_1_axi_gpio_0_2' (0#1) [/home/agamubuntu/Github/processor/riscv/riscv.gen/sources_1/bd/design_1/ip/design_1_axi_gpio_0_2/synth/design_1_axi_gpio_0_2.vhd:84]
WARNING: [Synth 8-6014] Unused sequential element Not_Dual.ALLIN1_ND.READ_REG_GEN[0].GPIO_DBus_i_reg was removed.  [/home/agamubuntu/Github/processor/riscv/riscv.gen/sources_1/bd/design_1/ipshared/0271/hdl/axi_gpio_v2_0_vh_rfs.vhd:355]
WARNING: [Synth 8-6014] Unused sequential element Not_Dual.ALLIN1_ND.READ_REG_GEN[1].GPIO_DBus_i_reg was removed.  [/home/agamubuntu/Github/processor/riscv/riscv.gen/sources_1/bd/design_1/ipshared/0271/hdl/axi_gpio_v2_0_vh_rfs.vhd:355]
WARNING: [Synth 8-6014] Unused sequential element Not_Dual.ALLIN1_ND.READ_REG_GEN[2].GPIO_DBus_i_reg was removed.  [/home/agamubuntu/Github/processor/riscv/riscv.gen/sources_1/bd/design_1/ipshared/0271/hdl/axi_gpio_v2_0_vh_rfs.vhd:355]
WARNING: [Synth 8-6014] Unused sequential element Not_Dual.ALLIN1_ND.READ_REG_GEN[3].GPIO_DBus_i_reg was removed.  [/home/agamubuntu/Github/processor/riscv/riscv.gen/sources_1/bd/design_1/ipshared/0271/hdl/axi_gpio_v2_0_vh_rfs.vhd:355]
WARNING: [Synth 8-6014] Unused sequential element Not_Dual.ALLIN1_ND.READ_REG_GEN[4].GPIO_DBus_i_reg was removed.  [/home/agamubuntu/Github/processor/riscv/riscv.gen/sources_1/bd/design_1/ipshared/0271/hdl/axi_gpio_v2_0_vh_rfs.vhd:355]
WARNING: [Synth 8-6014] Unused sequential element Not_Dual.ALLIN1_ND.READ_REG_GEN[5].GPIO_DBus_i_reg was removed.  [/home/agamubuntu/Github/processor/riscv/riscv.gen/sources_1/bd/design_1/ipshared/0271/hdl/axi_gpio_v2_0_vh_rfs.vhd:355]
WARNING: [Synth 8-6014] Unused sequential element Not_Dual.ALLIN1_ND.READ_REG_GEN[6].GPIO_DBus_i_reg was removed.  [/home/agamubuntu/Github/processor/riscv/riscv.gen/sources_1/bd/design_1/ipshared/0271/hdl/axi_gpio_v2_0_vh_rfs.vhd:355]
WARNING: [Synth 8-6014] Unused sequential element Not_Dual.ALLIN1_ND.READ_REG_GEN[7].GPIO_DBus_i_reg was removed.  [/home/agamubuntu/Github/processor/riscv/riscv.gen/sources_1/bd/design_1/ipshared/0271/hdl/axi_gpio_v2_0_vh_rfs.vhd:355]
WARNING: [Synth 8-6014] Unused sequential element Not_Dual.ALLIN1_ND.READ_REG_GEN[8].GPIO_DBus_i_reg was removed.  [/home/agamubuntu/Github/processor/riscv/riscv.gen/sources_1/bd/design_1/ipshared/0271/hdl/axi_gpio_v2_0_vh_rfs.vhd:355]
WARNING: [Synth 8-6014] Unused sequential element Not_Dual.ALLIN1_ND.READ_REG_GEN[9].GPIO_DBus_i_reg was removed.  [/home/agamubuntu/Github/processor/riscv/riscv.gen/sources_1/bd/design_1/ipshared/0271/hdl/axi_gpio_v2_0_vh_rfs.vhd:355]
WARNING: [Synth 8-6014] Unused sequential element Not_Dual.ALLIN1_ND.READ_REG_GEN[10].GPIO_DBus_i_reg was removed.  [/home/agamubuntu/Github/processor/riscv/riscv.gen/sources_1/bd/design_1/ipshared/0271/hdl/axi_gpio_v2_0_vh_rfs.vhd:355]
WARNING: [Synth 8-6014] Unused sequential element Not_Dual.ALLIN1_ND.READ_REG_GEN[11].GPIO_DBus_i_reg was removed.  [/home/agamubuntu/Github/processor/riscv/riscv.gen/sources_1/bd/design_1/ipshared/0271/hdl/axi_gpio_v2_0_vh_rfs.vhd:355]
WARNING: [Synth 8-6014] Unused sequential element Not_Dual.ALLIN1_ND.READ_REG_GEN[12].GPIO_DBus_i_reg was removed.  [/home/agamubuntu/Github/processor/riscv/riscv.gen/sources_1/bd/design_1/ipshared/0271/hdl/axi_gpio_v2_0_vh_rfs.vhd:355]
WARNING: [Synth 8-6014] Unused sequential element Not_Dual.ALLIN1_ND.READ_REG_GEN[13].GPIO_DBus_i_reg was removed.  [/home/agamubuntu/Github/processor/riscv/riscv.gen/sources_1/bd/design_1/ipshared/0271/hdl/axi_gpio_v2_0_vh_rfs.vhd:355]
WARNING: [Synth 8-6014] Unused sequential element Not_Dual.ALLIN1_ND.READ_REG_GEN[14].GPIO_DBus_i_reg was removed.  [/home/agamubuntu/Github/processor/riscv/riscv.gen/sources_1/bd/design_1/ipshared/0271/hdl/axi_gpio_v2_0_vh_rfs.vhd:355]
WARNING: [Synth 8-6014] Unused sequential element Not_Dual.ALLIN1_ND.READ_REG_GEN[15].GPIO_DBus_i_reg was removed.  [/home/agamubuntu/Github/processor/riscv/riscv.gen/sources_1/bd/design_1/ipshared/0271/hdl/axi_gpio_v2_0_vh_rfs.vhd:355]
WARNING: [Synth 8-6014] Unused sequential element Not_Dual.ALLIN1_ND.READ_REG_GEN[16].GPIO_DBus_i_reg was removed.  [/home/agamubuntu/Github/processor/riscv/riscv.gen/sources_1/bd/design_1/ipshared/0271/hdl/axi_gpio_v2_0_vh_rfs.vhd:355]
WARNING: [Synth 8-6014] Unused sequential element Not_Dual.ALLIN1_ND.READ_REG_GEN[17].GPIO_DBus_i_reg was removed.  [/home/agamubuntu/Github/processor/riscv/riscv.gen/sources_1/bd/design_1/ipshared/0271/hdl/axi_gpio_v2_0_vh_rfs.vhd:355]
WARNING: [Synth 8-6014] Unused sequential element Not_Dual.ALLIN1_ND.READ_REG_GEN[18].GPIO_DBus_i_reg was removed.  [/home/agamubuntu/Github/processor/riscv/riscv.gen/sources_1/bd/design_1/ipshared/0271/hdl/axi_gpio_v2_0_vh_rfs.vhd:355]
WARNING: [Synth 8-6014] Unused sequential element Not_Dual.ALLIN1_ND.READ_REG_GEN[19].GPIO_DBus_i_reg was removed.  [/home/agamubuntu/Github/processor/riscv/riscv.gen/sources_1/bd/design_1/ipshared/0271/hdl/axi_gpio_v2_0_vh_rfs.vhd:355]
WARNING: [Synth 8-6014] Unused sequential element Not_Dual.ALLIN1_ND.READ_REG_GEN[20].GPIO_DBus_i_reg was removed.  [/home/agamubuntu/Github/processor/riscv/riscv.gen/sources_1/bd/design_1/ipshared/0271/hdl/axi_gpio_v2_0_vh_rfs.vhd:355]
WARNING: [Synth 8-6014] Unused sequential element Not_Dual.ALLIN1_ND.READ_REG_GEN[21].GPIO_DBus_i_reg was removed.  [/home/agamubuntu/Github/processor/riscv/riscv.gen/sources_1/bd/design_1/ipshared/0271/hdl/axi_gpio_v2_0_vh_rfs.vhd:355]
WARNING: [Synth 8-6014] Unused sequential element Not_Dual.ALLIN1_ND.READ_REG_GEN[22].GPIO_DBus_i_reg was removed.  [/home/agamubuntu/Github/processor/riscv/riscv.gen/sources_1/bd/design_1/ipshared/0271/hdl/axi_gpio_v2_0_vh_rfs.vhd:355]
WARNING: [Synth 8-6014] Unused sequential element Not_Dual.ALLIN1_ND.READ_REG_GEN[23].GPIO_DBus_i_reg was removed.  [/home/agamubuntu/Github/processor/riscv/riscv.gen/sources_1/bd/design_1/ipshared/0271/hdl/axi_gpio_v2_0_vh_rfs.vhd:355]
WARNING: [Synth 8-6014] Unused sequential element Not_Dual.ALLIN1_ND.READ_REG_GEN[24].GPIO_DBus_i_reg was removed.  [/home/agamubuntu/Github/processor/riscv/riscv.gen/sources_1/bd/design_1/ipshared/0271/hdl/axi_gpio_v2_0_vh_rfs.vhd:355]
WARNING: [Synth 8-6014] Unused sequential element Not_Dual.ALLIN1_ND.READ_REG_GEN[25].GPIO_DBus_i_reg was removed.  [/home/agamubuntu/Github/processor/riscv/riscv.gen/sources_1/bd/design_1/ipshared/0271/hdl/axi_gpio_v2_0_vh_rfs.vhd:355]
WARNING: [Synth 8-6014] Unused sequential element Not_Dual.ALLIN1_ND.READ_REG_GEN[26].GPIO_DBus_i_reg was removed.  [/home/agamubuntu/Github/processor/riscv/riscv.gen/sources_1/bd/design_1/ipshared/0271/hdl/axi_gpio_v2_0_vh_rfs.vhd:355]
WARNING: [Synth 8-6014] Unused sequential element Not_Dual.ALLIN1_ND.READ_REG_GEN[27].GPIO_DBus_i_reg was removed.  [/home/agamubuntu/Github/processor/riscv/riscv.gen/sources_1/bd/design_1/ipshared/0271/hdl/axi_gpio_v2_0_vh_rfs.vhd:355]
WARNING: [Synth 8-6014] Unused sequential element Not_Dual.ALLIN1_ND.READ_REG_GEN[28].GPIO_DBus_i_reg was removed.  [/home/agamubuntu/Github/processor/riscv/riscv.gen/sources_1/bd/design_1/ipshared/0271/hdl/axi_gpio_v2_0_vh_rfs.vhd:355]
WARNING: [Synth 8-6014] Unused sequential element Not_Dual.ALLIN1_ND.READ_REG_GEN[29].GPIO_DBus_i_reg was removed.  [/home/agamubuntu/Github/processor/riscv/riscv.gen/sources_1/bd/design_1/ipshared/0271/hdl/axi_gpio_v2_0_vh_rfs.vhd:355]
WARNING: [Synth 8-6014] Unused sequential element Not_Dual.ALLIN1_ND.READ_REG_GEN[30].GPIO_DBus_i_reg was removed.  [/home/agamubuntu/Github/processor/riscv/riscv.gen/sources_1/bd/design_1/ipshared/0271/hdl/axi_gpio_v2_0_vh_rfs.vhd:355]
WARNING: [Synth 8-6014] Unused sequential element Not_Dual.ALLIN1_ND.READ_REG_GEN[31].GPIO_DBus_i_reg was removed.  [/home/agamubuntu/Github/processor/riscv/riscv.gen/sources_1/bd/design_1/ipshared/0271/hdl/axi_gpio_v2_0_vh_rfs.vhd:355]
WARNING: [Synth 8-7129] Port src_clk in module xpm_cdc_array_single is either unconnected or has no load
WARNING: [Synth 8-7129] Port ABus_Reg[1] in module GPIO_Core is either unconnected or has no load
WARNING: [Synth 8-7129] Port ABus_Reg[2] in module GPIO_Core is either unconnected or has no load
WARNING: [Synth 8-7129] Port ABus_Reg[3] in module GPIO_Core is either unconnected or has no load
WARNING: [Synth 8-7129] Port ABus_Reg[4] in module GPIO_Core is either unconnected or has no load
WARNING: [Synth 8-7129] Port ABus_Reg[7] in module GPIO_Core is either unconnected or has no load
WARNING: [Synth 8-7129] Port ABus_Reg[8] in module GPIO_Core is either unconnected or has no load
WARNING: [Synth 8-7129] Port BE_Reg[0] in module GPIO_Core is either unconnected or has no load
WARNING: [Synth 8-7129] Port BE_Reg[1] in module GPIO_Core is either unconnected or has no load
WARNING: [Synth 8-7129] Port BE_Reg[2] in module GPIO_Core is either unconnected or has no load
WARNING: [Synth 8-7129] Port BE_Reg[3] in module GPIO_Core is either unconnected or has no load
WARNING: [Synth 8-7129] Port GPIO2_IO_I[0] in module GPIO_Core is either unconnected or has no load
WARNING: [Synth 8-7129] Port GPIO2_IO_I[1] in module GPIO_Core is either unconnected or has no load
WARNING: [Synth 8-7129] Port GPIO2_IO_I[2] in module GPIO_Core is either unconnected or has no load
WARNING: [Synth 8-7129] Port GPIO2_IO_I[3] in module GPIO_Core is either unconnected or has no load
WARNING: [Synth 8-7129] Port GPIO2_IO_I[4] in module GPIO_Core is either unconnected or has no load
WARNING: [Synth 8-7129] Port GPIO2_IO_I[5] in module GPIO_Core is either unconnected or has no load
WARNING: [Synth 8-7129] Port GPIO2_IO_I[6] in module GPIO_Core is either unconnected or has no load
WARNING: [Synth 8-7129] Port GPIO2_IO_I[7] in module GPIO_Core is either unconnected or has no load
WARNING: [Synth 8-7129] Port GPIO2_IO_I[8] in module GPIO_Core is either unconnected or has no load
WARNING: [Synth 8-7129] Port GPIO2_IO_I[9] in module GPIO_Core is either unconnected or has no load
WARNING: [Synth 8-7129] Port GPIO2_IO_I[10] in module GPIO_Core is either unconnected or has no load
WARNING: [Synth 8-7129] Port GPIO2_IO_I[11] in module GPIO_Core is either unconnected or has no load
WARNING: [Synth 8-7129] Port GPIO2_IO_I[12] in module GPIO_Core is either unconnected or has no load
WARNING: [Synth 8-7129] Port GPIO2_IO_I[13] in module GPIO_Core is either unconnected or has no load
WARNING: [Synth 8-7129] Port GPIO2_IO_I[14] in module GPIO_Core is either unconnected or has no load
WARNING: [Synth 8-7129] Port GPIO2_IO_I[15] in module GPIO_Core is either unconnected or has no load
WARNING: [Synth 8-7129] Port GPIO2_IO_I[16] in module GPIO_Core is either unconnected or has no load
WARNING: [Synth 8-7129] Port GPIO2_IO_I[17] in module GPIO_Core is either unconnected or has no load
WARNING: [Synth 8-7129] Port GPIO2_IO_I[18] in module GPIO_Core is either unconnected or has no load
WARNING: [Synth 8-7129] Port GPIO2_IO_I[19] in module GPIO_Core is either unconnected or has no load
WARNING: [Synth 8-7129] Port GPIO2_IO_I[20] in module GPIO_Core is either unconnected or has no load
WARNING: [Synth 8-7129] Port GPIO2_IO_I[21] in module GPIO_Core is either unconnected or has no load
WARNING: [Synth 8-7129] Port GPIO2_IO_I[22] in module GPIO_Core is either unconnected or has no load
WARNING: [Synth 8-7129] Port GPIO2_IO_I[23] in module GPIO_Core is either unconnected or has no load
WARNING: [Synth 8-7129] Port GPIO2_IO_I[24] in module GPIO_Core is either unconnected or has no load
WARNING: [Synth 8-7129] Port GPIO2_IO_I[25] in module GPIO_Core is either unconnected or has no load
WARNING: [Synth 8-7129] Port GPIO2_IO_I[26] in module GPIO_Core is either unconnected or has no load
WARNING: [Synth 8-7129] Port GPIO2_IO_I[27] in module GPIO_Core is either unconnected or has no load
WARNING: [Synth 8-7129] Port GPIO2_IO_I[28] in module GPIO_Core is either unconnected or has no load
WARNING: [Synth 8-7129] Port GPIO2_IO_I[29] in module GPIO_Core is either unconnected or has no load
WARNING: [Synth 8-7129] Port GPIO2_IO_I[30] in module GPIO_Core is either unconnected or has no load
WARNING: [Synth 8-7129] Port GPIO2_IO_I[31] in module GPIO_Core is either unconnected or has no load
WARNING: [Synth 8-7129] Port Address_In_Erly[0] in module address_decoder is either unconnected or has no load
WARNING: [Synth 8-7129] Port Address_In_Erly[1] in module address_decoder is either unconnected or has no load
WARNING: [Synth 8-7129] Port Address_In_Erly[2] in module address_decoder is either unconnected or has no load
WARNING: [Synth 8-7129] Port Address_In_Erly[3] in module address_decoder is either unconnected or has no load
WARNING: [Synth 8-7129] Port Address_In_Erly[4] in module address_decoder is either unconnected or has no load
WARNING: [Synth 8-7129] Port Address_In_Erly[7] in module address_decoder is either unconnected or has no load
WARNING: [Synth 8-7129] Port Address_In_Erly[8] in module address_decoder is either unconnected or has no load
WARNING: [Synth 8-7129] Port Bus_RNW in module address_decoder is either unconnected or has no load
WARNING: [Synth 8-7129] Port S_AXI_WSTRB[3] in module slave_attachment is either unconnected or has no load
WARNING: [Synth 8-7129] Port S_AXI_WSTRB[2] in module slave_attachment is either unconnected or has no load
WARNING: [Synth 8-7129] Port S_AXI_WSTRB[1] in module slave_attachment is either unconnected or has no load
WARNING: [Synth 8-7129] Port S_AXI_WSTRB[0] in module slave_attachment is either unconnected or has no load
---------------------------------------------------------------------------------
Finished RTL Elaboration : Time (s): cpu = 00:00:03 ; elapsed = 00:00:04 . Memory (MB): peak = 2209.684 ; gain = 522.766 ; free physical = 347 ; free virtual = 5934
---------------------------------------------------------------------------------
---------------------------------------------------------------------------------
Start Handling Custom Attributes
---------------------------------------------------------------------------------
---------------------------------------------------------------------------------
Finished Handling Custom Attributes : Time (s): cpu = 00:00:03 ; elapsed = 00:00:04 . Memory (MB): peak = 2224.527 ; gain = 537.609 ; free physical = 343 ; free virtual = 5931
---------------------------------------------------------------------------------
---------------------------------------------------------------------------------
Finished RTL Optimization Phase 1 : Time (s): cpu = 00:00:03 ; elapsed = 00:00:04 . Memory (MB): peak = 2224.527 ; gain = 537.609 ; free physical = 343 ; free virtual = 5931
---------------------------------------------------------------------------------
Netlist sorting complete. Time (s): cpu = 00:00:00 ; elapsed = 00:00:00 . Memory (MB): peak = 2224.527 ; gain = 0.000 ; free physical = 343 ; free virtual = 5931
INFO: [Project 1-570] Preparing netlist for logic optimization

Processing XDC Constraints
Initializing timing engine
Parsing XDC File [/home/agamubuntu/Github/processor/riscv/riscv.gen/sources_1/bd/design_1/ip/design_1_axi_gpio_0_2/design_1_axi_gpio_0_2_ooc.xdc] for cell 'U0'
Finished Parsing XDC File [/home/agamubuntu/Github/processor/riscv/riscv.gen/sources_1/bd/design_1/ip/design_1_axi_gpio_0_2/design_1_axi_gpio_0_2_ooc.xdc] for cell 'U0'
Parsing XDC File [/home/agamubuntu/Github/processor/riscv/riscv.gen/sources_1/bd/design_1/ip/design_1_axi_gpio_0_2/design_1_axi_gpio_0_2_board.xdc] for cell 'U0'
Finished Parsing XDC File [/home/agamubuntu/Github/processor/riscv/riscv.gen/sources_1/bd/design_1/ip/design_1_axi_gpio_0_2/design_1_axi_gpio_0_2_board.xdc] for cell 'U0'
Parsing XDC File [/home/agamubuntu/Github/processor/riscv/riscv.runs/design_1_axi_gpio_0_2_synth_1/dont_touch.xdc]
Finished Parsing XDC File [/home/agamubuntu/Github/processor/riscv/riscv.runs/design_1_axi_gpio_0_2_synth_1/dont_touch.xdc]
INFO: [Project 1-236] Implementation specific constraints were found while reading constraint file [/home/agamubuntu/Xilinx/2025.1/Vivado/data/ip/xpm/xpm_cdc/tcl/xpm_cdc_array_single.tcl]. These constraints will be ignored for synthesis but will be used in implementation. Impacted constraints are listed in the file [.Xil/design_1_axi_gpio_0_2_propImpl.xdc].
Resolution: To avoid this warning, move constraints listed in [.Xil/design_1_axi_gpio_0_2_propImpl.xdc] to another XDC file and exclude this new file from synthesis with the used_in_synthesis property (File Properties dialog in GUI) and re-run elaboration/synthesis.
INFO: [Project 1-1714] 1 XPM XDC files have been applied to the design.
Completed Processing XDC Constraints

Netlist sorting complete. Time (s): cpu = 00:00:00 ; elapsed = 00:00:00 . Memory (MB): peak = 2349.297 ; gain = 0.000 ; free physical = 295 ; free virtual = 5883
INFO: [Project 1-111] Unisim Transformation Summary:
No Unisim elements were transformed.

Constraint Validation Runtime : Time (s): cpu = 00:00:00.01 ; elapsed = 00:00:00.01 . Memory (MB): peak = 2349.332 ; gain = 0.000 ; free physical = 297 ; free virtual = 5885
INFO: [Designutils 20-5008] Incremental synthesis strategy off
---------------------------------------------------------------------------------
Finished Constraint Validation : Time (s): cpu = 00:00:07 ; elapsed = 00:00:08 . Memory (MB): peak = 2349.332 ; gain = 662.414 ; free physical = 215 ; free virtual = 5742
---------------------------------------------------------------------------------
---------------------------------------------------------------------------------
Start Loading Part and Timing Information
---------------------------------------------------------------------------------
Loading part: xc7z020clg400-1
---------------------------------------------------------------------------------
Finished Loading Part and Timing Information : Time (s): cpu = 00:00:07 ; elapsed = 00:00:08 . Memory (MB): peak = 2357.301 ; gain = 670.383 ; free physical = 215 ; free virtual = 5742
---------------------------------------------------------------------------------
---------------------------------------------------------------------------------
Start Applying 'set_property' XDC Constraints
---------------------------------------------------------------------------------
---------------------------------------------------------------------------------
Finished applying 'set_property' XDC Constraints : Time (s): cpu = 00:00:07 ; elapsed = 00:00:08 . Memory (MB): peak = 2357.301 ; gain = 670.383 ; free physical = 215 ; free virtual = 5742
---------------------------------------------------------------------------------
INFO: [Synth 8-802] inferred FSM for state register 'state_reg' in module 'slave_attachment'
---------------------------------------------------------------------------------------------------
                   State |                     New Encoding |                Previous Encoding 
---------------------------------------------------------------------------------------------------
                 iSTATE2 |                             0001 |                               00
                  iSTATE |                             0010 |                               01
                 iSTATE0 |                             0100 |                               10
                 iSTATE1 |                             1000 |                               11
---------------------------------------------------------------------------------------------------
INFO: [Synth 8-3354] encoded FSM with state register 'state_reg' using encoding 'one-hot' in module 'slave_attachment'
---------------------------------------------------------------------------------
Finished RTL Optimization Phase 2 : Time (s): cpu = 00:00:08 ; elapsed = 00:00:08 . Memory (MB): peak = 2357.301 ; gain = 670.383 ; free physical = 194 ; free virtual = 5736
---------------------------------------------------------------------------------
---------------------------------------------------------------------------------
Start RTL Component Statistics 
---------------------------------------------------------------------------------
Detailed RTL Component Info : 
+---Adders : 
	   2 Input    4 Bit       Adders := 1     
+---Registers : 
	               32 Bit    Registers := 9     
	                9 Bit    Registers := 1     
	                4 Bit    Registers := 1     
	                2 Bit    Registers := 3     
	                1 Bit    Registers := 50    
+---Muxes : 
	   2 Input   32 Bit        Muxes := 2     
	   5 Input   32 Bit        Muxes := 1     
	   2 Input    9 Bit        Muxes := 1     
	   4 Input    4 Bit        Muxes := 1     
	   2 Input    4 Bit        Muxes := 5     
	   2 Input    2 Bit        Muxes := 3     
	   3 Input    2 Bit        Muxes := 1     
	   4 Input    2 Bit        Muxes := 1     
	   2 Input    1 Bit        Muxes := 11    
	   4 Input    1 Bit        Muxes := 3     
---------------------------------------------------------------------------------
Finished RTL Component Statistics 
---------------------------------------------------------------------------------
---------------------------------------------------------------------------------
Start Part Resource Summary
---------------------------------------------------------------------------------
Part Resources:
DSPs: 220 (col length:60)
BRAMs: 280 (col length: RAMB18 60 RAMB36 30)
---------------------------------------------------------------------------------
Finished Part Resource Summary
---------------------------------------------------------------------------------
---------------------------------------------------------------------------------
Start Cross Boundary and Area Optimization
---------------------------------------------------------------------------------
WARNING: [Synth 8-7080] Parallel synthesis criteria is not met
WARNING: [Synth 8-7129] Port src_clk in module xpm_cdc_array_single is either unconnected or has no load
WARNING: [Synth 8-7129] Port s_axi_wstrb[3] in module axi_gpio is either unconnected or has no load
WARNING: [Synth 8-7129] Port s_axi_wstrb[2] in module axi_gpio is either unconnected or has no load
WARNING: [Synth 8-7129] Port s_axi_wstrb[1] in module axi_gpio is either unconnected or has no load
WARNING: [Synth 8-7129] Port s_axi_wstrb[0] in module axi_gpio is either unconnected or has no load
WARNING: [Synth 8-7129] Port gpio2_io_i[31] in module axi_gpio is either unconnected or has no load
WARNING: [Synth 8-7129] Port gpio2_io_i[30] in module axi_gpio is either unconnected or has no load
WARNING: [Synth 8-7129] Port gpio2_io_i[29] in module axi_gpio is either unconnected or has no load
WARNING: [Synth 8-7129] Port gpio2_io_i[28] in module axi_gpio is either unconnected or has no load
WARNING: [Synth 8-7129] Port gpio2_io_i[27] in module axi_gpio is either unconnected or has no load
WARNING: [Synth 8-7129] Port gpio2_io_i[26] in module axi_gpio is either unconnected or has no load
WARNING: [Synth 8-7129] Port gpio2_io_i[25] in module axi_gpio is either unconnected or has no load
WARNING: [Synth 8-7129] Port gpio2_io_i[24] in module axi_gpio is either unconnected or has no load
WARNING: [Synth 8-7129] Port gpio2_io_i[23] in module axi_gpio is either unconnected or has no load
WARNING: [Synth 8-7129] Port gpio2_io_i[22] in module axi_gpio is either unconnected or has no load
WARNING: [Synth 8-7129] Port gpio2_io_i[21] in module axi_gpio is either unconnected or has no load
WARNING: [Synth 8-7129] Port gpio2_io_i[20] in module axi_gpio is either unconnected or has no load
WARNING: [Synth 8-7129] Port gpio2_io_i[19] in module axi_gpio is either unconnected or has no load
WARNING: [Synth 8-7129] Port gpio2_io_i[18] in module axi_gpio is either unconnected or has no load
WARNING: [Synth 8-7129] Port gpio2_io_i[17] in module axi_gpio is either unconnected or has no load
WARNING: [Synth 8-7129] Port gpio2_io_i[16] in module axi_gpio is either unconnected or has no load
WARNING: [Synth 8-7129] Port gpio2_io_i[15] in module axi_gpio is either unconnected or has no load
WARNING: [Synth 8-7129] Port gpio2_io_i[14] in module axi_gpio is either unconnected or has no load
WARNING: [Synth 8-7129] Port gpio2_io_i[13] in module axi_gpio is either unconnected or has no load
WARNING: [Synth 8-7129] Port gpio2_io_i[12] in module axi_gpio is either unconnected or has no load
WARNING: [Synth 8-7129] Port gpio2_io_i[11] in module axi_gpio is either unconnected or has no load
WARNING: [Synth 8-7129] Port gpio2_io_i[10] in module axi_gpio is either unconnected or has no load
WARNING: [Synth 8-7129] Port gpio2_io_i[9] in module axi_gpio is either unconnected or has no load
WARNING: [Synth 8-7129] Port gpio2_io_i[8] in module axi_gpio is either unconnected or has no load
WARNING: [Synth 8-7129] Port gpio2_io_i[7] in module axi_gpio is either unconnected or has no load
WARNING: [Synth 8-7129] Port gpio2_io_i[6] in module axi_gpio is either unconnected or has no load
WARNING: [Synth 8-7129] Port gpio2_io_i[5] in module axi_gpio is either unconnected or has no load
WARNING: [Synth 8-7129] Port gpio2_io_i[4] in module axi_gpio is either unconnected or has no load
WARNING: [Synth 8-7129] Port gpio2_io_i[3] in module axi_gpio is either unconnected or has no load
WARNING: [Synth 8-7129] Port gpio2_io_i[2] in module axi_gpio is either unconnected or has no load
WARNING: [Synth 8-7129] Port gpio2_io_i[1] in module axi_gpio is either unconnected or has no load
WARNING: [Synth 8-7129] Port gpio2_io_i[0] in module axi_gpio is either unconnected or has no load
---------------------------------------------------------------------------------
Finished Cross Boundary and Area Optimization : Time (s): cpu = 00:00:09 ; elapsed = 00:00:09 . Memory (MB): peak = 2357.301 ; gain = 670.383 ; free physical = 169 ; free virtual = 5633
---------------------------------------------------------------------------------
---------------------------------------------------------------------------------
Start Applying XDC Timing Constraints
---------------------------------------------------------------------------------
---------------------------------------------------------------------------------
Finished Applying XDC Timing Constraints : Time (s): cpu = 00:00:11 ; elapsed = 00:00:12 . Memory (MB): peak = 2390.301 ; gain = 703.383 ; free physical = 216 ; free virtual = 5413
---------------------------------------------------------------------------------
---------------------------------------------------------------------------------
Start Timing Optimization
---------------------------------------------------------------------------------
---------------------------------------------------------------------------------
Finished Timing Optimization : Time (s): cpu = 00:00:11 ; elapsed = 00:00:12 . Memory (MB): peak = 2420.348 ; gain = 733.430 ; free physical = 186 ; free virtual = 5382
---------------------------------------------------------------------------------
---------------------------------------------------------------------------------
Start Technology Mapping
---------------------------------------------------------------------------------
---------------------------------------------------------------------------------
Finished Technology Mapping : Time (s): cpu = 00:00:11 ; elapsed = 00:00:12 . Memory (MB): peak = 2420.348 ; gain = 733.430 ; free physical = 173 ; free virtual = 5369
---------------------------------------------------------------------------------
---------------------------------------------------------------------------------
Start IO Insertion
---------------------------------------------------------------------------------
---------------------------------------------------------------------------------
Start Flattening Before IO Insertion
---------------------------------------------------------------------------------
---------------------------------------------------------------------------------
Finished Flattening Before IO Insertion
---------------------------------------------------------------------------------
---------------------------------------------------------------------------------
Start Final Netlist Cleanup
---------------------------------------------------------------------------------
---------------------------------------------------------------------------------
Finished Final Netlist Cleanup
---------------------------------------------------------------------------------
---------------------------------------------------------------------------------
Finished IO Insertion : Time (s): cpu = 00:00:14 ; elapsed = 00:00:14 . Memory (MB): peak = 2577.160 ; gain = 890.242 ; free physical = 155 ; free virtual = 4856
---------------------------------------------------------------------------------
---------------------------------------------------------------------------------
Start Renaming Generated Instances
---------------------------------------------------------------------------------
---------------------------------------------------------------------------------
Finished Renaming Generated Instances : Time (s): cpu = 00:00:14 ; elapsed = 00:00:14 . Memory (MB): peak = 2577.160 ; gain = 890.242 ; free physical = 155 ; free virtual = 4856
---------------------------------------------------------------------------------
---------------------------------------------------------------------------------
Start Rebuilding User Hierarchy
---------------------------------------------------------------------------------
---------------------------------------------------------------------------------
Finished Rebuilding User Hierarchy : Time (s): cpu = 00:00:14 ; elapsed = 00:00:14 . Memory (MB): peak = 2577.160 ; gain = 890.242 ; free physical = 155 ; free virtual = 4856
---------------------------------------------------------------------------------
---------------------------------------------------------------------------------
Start Renaming Generated Ports
---------------------------------------------------------------------------------
---------------------------------------------------------------------------------
Finished Renaming Generated Ports : Time (s): cpu = 00:00:14 ; elapsed = 00:00:14 . Memory (MB): peak = 2577.160 ; gain = 890.242 ; free physical = 155 ; free virtual = 4856
---------------------------------------------------------------------------------
---------------------------------------------------------------------------------
Start Handling Custom Attributes
---------------------------------------------------------------------------------
---------------------------------------------------------------------------------
Finished Handling Custom Attributes : Time (s): cpu = 00:00:14 ; elapsed = 00:00:14 . Memory (MB): peak = 2577.160 ; gain = 890.242 ; free physical = 155 ; free virtual = 4856
---------------------------------------------------------------------------------
---------------------------------------------------------------------------------
Start Renaming Generated Nets
---------------------------------------------------------------------------------
---------------------------------------------------------------------------------
Finished Renaming Generated Nets : Time (s): cpu = 00:00:14 ; elapsed = 00:00:14 . Memory (MB): peak = 2577.160 ; gain = 890.242 ; free physical = 155 ; free virtual = 4856
---------------------------------------------------------------------------------
---------------------------------------------------------------------------------
Start Writing Synthesis Report
---------------------------------------------------------------------------------

Report BlackBoxes: 
+-+--------------+----------+
| |BlackBox name |Instances |
+-+--------------+----------+
+-+--------------+----------+

Report Cell Usage: 
+------+-----+------+
|      |Cell |Count |
+------+-----+------+
|1     |LUT1 |     2|
|2     |LUT2 |     9|
|3     |LUT3 |     7|
|4     |LUT4 |     4|
|5     |LUT5 |    40|
|6     |LUT6 |    40|
|7     |FDRE |   285|
|8     |FDSE |    33|
+------+-----+------+
---------------------------------------------------------------------------------
Finished Writing Synthesis Report : Time (s): cpu = 00:00:14 ; elapsed = 00:00:14 . Memory (MB): peak = 2577.160 ; gain = 890.242 ; free physical = 155 ; free virtual = 4856
---------------------------------------------------------------------------------
Synthesis finished with 0 errors, 0 critical warnings and 38 warnings.
Synthesis Optimization Runtime : Time (s): cpu = 00:00:13 ; elapsed = 00:00:13 . Memory (MB): peak = 2577.160 ; gain = 765.438 ; free physical = 184 ; free virtual = 4844
Synthesis Optimization Complete : Time (s): cpu = 00:00:14 ; elapsed = 00:00:14 . Memory (MB): peak = 2577.168 ; gain = 890.242 ; free physical = 187 ; free virtual = 4845
INFO: [Project 1-571] Translating synthesized netlist
Netlist sorting complete. Time (s): cpu = 00:00:00 ; elapsed = 00:00:00.01 . Memory (MB): peak = 2577.168 ; gain = 0.000 ; free physical = 191 ; free virtual = 4845
INFO: [Project 1-570] Preparing netlist for logic optimization
INFO: [Opt 31-138] Pushed 0 inverter(s) to 0 load pin(s).
Netlist sorting complete. Time (s): cpu = 00:00:00 ; elapsed = 00:00:00 . Memory (MB): peak = 2633.188 ; gain = 0.000 ; free physical = 167 ; free virtual = 4670
INFO: [Project 1-111] Unisim Transformation Summary:
No Unisim elements were transformed.

Synth Design complete | Checksum: deb212cf
INFO: [Common 17-83] Releasing license: Synthesis
43 Infos, 125 Warnings, 0 Critical Warnings and 0 Errors encountered.
synth_design completed successfully
synth_design: Time (s): cpu = 00:00:18 ; elapsed = 00:00:17 . Memory (MB): peak = 2633.223 ; gain = 1082.164 ; free physical = 177 ; free virtual = 4672
INFO: [Common 17-2834] synth_design peak Physical Memory [PSS] (MB): overall = 1572.980; main = 1572.980; forked = 211.160
INFO: [Common 17-2834] synth_design peak Virtual Memory [VSS] (MB): overall = 3320.852; main = 2633.191; forked = 963.547
Write ShapeDB Complete: Time (s): cpu = 00:00:00.01 ; elapsed = 00:00:00 . Memory (MB): peak = 2657.199 ; gain = 0.000 ; free physical = 177 ; free virtual = 4672
INFO: [Common 17-1381] The checkpoint '/home/agamubuntu/Github/processor/riscv/riscv.runs/design_1_axi_gpio_0_2_synth_1/design_1_axi_gpio_0_2.dcp' has been generated.
INFO: [Coretcl 2-1648] Added synthesis output to IP cache for IP design_1_axi_gpio_0_2, cache-ID = 1986557ae8a48e8c
INFO: [Coretcl 2-1174] Renamed 8 cell refs.
Write ShapeDB Complete: Time (s): cpu = 00:00:00 ; elapsed = 00:00:00 . Memory (MB): peak = 2657.199 ; gain = 0.000 ; free physical = 171 ; free virtual = 4627
INFO: [Common 17-1381] The checkpoint '/home/agamubuntu/Github/processor/riscv/riscv.runs/design_1_axi_gpio_0_2_synth_1/design_1_axi_gpio_0_2.dcp' has been generated.
INFO: [Vivado 12-24828] Executing command : report_utilization -file design_1_axi_gpio_0_2_utilization_synth.rpt -pb design_1_axi_gpio_0_2_utilization_synth.pb
INFO: [Common 17-206] Exiting Vivado at Tue Nov 11 00:19:14 2025...
