#
# An unexpected error has occurred (11)
#
Stack:
/home/agamubuntu/Xilinx/2025.1/Vivado/tps/lnx64/jre21.0.1_12/lib//server/libjvm.so(+0xe4f55c) [0x74ed3c64f55c]
/home/agamubuntu/Xilinx/2025.1/Vivado/tps/lnx64/jre21.0.1_12/lib//server/libjvm.so(JVM_handle_linux_signal+0x23e) [0x74ed3c65002e]
/lib/x86_64-linux-gnu/libc.so.6(+0x42520) [0x74ed7b842520]
/home/agamubuntu/Xilinx/2025.1/Vivado/lib/lnx64.o/libxv_simbridge_kernel.so(SimBridge::CArray::empty() const+0) [0x74ed71fab540]
/home/agamubuntu/Xilinx/2025.1/Vivado/lib/lnx64.o/libxv_simbridge_kernel.so(SimBridge::WdbEventBlock::addBlock(SimBridge::WdbIBlockManager&, unsigned int&) const+0x20) [0x74ed71fabc20]
/home/agamubuntu/Xilinx/2025.1/Vivado/lib/lnx64.o/libxv_simbridge_kernel.so(SimBridge::WdbMultipleBucketEventDatabase::getEventBlockDatabaseIterator(std::vector<SimBridge::WdbScalarBTree*, std::allocator<SimBridge::WdbScalarBTree*> > const&, std::vector<std::shared_ptr<SimBridge::WdbIEventBlockIterator>, std::allocator<std::shared_ptr<SimBridge::WdbIEventBlockIterator> > >&, std::vector<std::vector<SimBridge::WdbScalarBTree*, std::allocator<SimBridge::WdbScalarBTree*> >, std::allocator<std::vector<SimBridge::WdbScalarBTree*, std::allocator<SimBridge::WdbScalarBTree*> > > >&) const+0x5bd) [0x74ed71fc26ad]
/home/agamubuntu/Xilinx/2025.1/Vivado/lib/lnx64.o/libxv_simbridge_kernel.so(SimBridge::WdbAddressBTreeManager::scanWdbDatabaseMultiThread(std::vector<SimBridge::WdbScalarBTree*, std::allocator<SimBridge::WdbScalarBTree*> > const&, ISIM::IGuiStatus*)+0xe2) [0x74ed71fc6e82]
/home/agamubuntu/Xilinx/2025.1/Vivado/lib/lnx64.o/libxv_wavedata.so(SimBridge::DataObjMgr::createDrawingBTree(std::vector<SimBridge::IDataObj const*, std::allocator<SimBridge::IDataObj const*> > const&, ISIM::IGuiStatus*, bool)+0x36a) [0x74ed4a58daca]
/home/agamubuntu/Xilinx/2025.1/Vivado/lib/lnx64.o/libxv_wavedata.so(SimBridge::DataReader::getTransitions(SimBridge::IDataObj const*, long long, long long, long long, SimBridge::ValueFormat const&, std::vector<SimBridge::Transition, std::allocator<SimBridge::Transition> >&) const+0x6f) [0x74ed4a5c492f]
/home/agamubuntu/Xilinx/2025.1/Vivado/lib/lnx64.o/libxv_wavedata.so(SG_Model::ModelImp::getTransitions(SimBridge::IDataObj const*, SG_Model::IDatabase*, long long, long long, long long, SimBridge::ValueFormat const&, bool, std::vector<SimBridge::Transition, std::allocator<SimBridge::Transition> >&) const+0xb7) [0x74ed4a454657]
/home/agamubuntu/Xilinx/2025.1/Vivado/lib/lnx64.o/libxv_wavedata.so(SG_Model::Model::getTransitions(SG_Model::WVDataObject const*, long long, long long, long long, SimBridge::ValueFormat const&, bool, std::vector<SimBridge::Transition, std::allocator<SimBridge::Transition> >&) const+0x128) [0x74ed4a455ec8]
/home/agamubuntu/Xilinx/2025.1/Vivado/lib/lnx64.o/libxv_wavedata.so(+0x3fd6f3) [0x74ed4a5fd6f3]
/home/agamubuntu/Xilinx/2025.1/Vivado/lib/lnx64.o/libxv_wavedata.so(SG_Model::WaveformRender::render(SG_Model::WVDataObject const&)+0x11f) [0x74ed4a5f9a2f]
/home/agamubuntu/Xilinx/2025.1/Vivado/lib/lnx64.o/libxv_wavedata.so(WaveViewer::WVWaveformPanel::WaveformTraverser::drawWaveform(SG_Model::WVDataObject const*, int, int)+0x394) [0x74ed4a498c54]
/home/agamubuntu/Xilinx/2025.1/Vivado/lib/lnx64.o/libxv_wavedata.so(WaveViewer::WVWaveformPanel::WaveformTraverser::handleItemSize(WaveViewer::WVTreeWVObjectModel::ITraverseHandler::TraverseItem const&)+0x54) [0x74ed4a498f24]
/home/agamubuntu/Xilinx/2025.1/Vivado/lib/lnx64.o/libxv_wavedata.so(WaveViewer::WVTreeWVObjectModel::traverseYRange(SG_Model::WVDataObject const*, WaveViewer::WVTreeWVObjectModel::ITraverseHandler&, int, int, int&, int&) const+0x20d) [0x74ed4a4a093d]
/home/agamubuntu/Xilinx/2025.1/Vivado/lib/lnx64.o/libxv_wavedata.so(WaveViewer::WVTreeWVObjectModel::traverseYRange(SG_Model::WVDataObject const*, WaveViewer::WVTreeWVObjectModel::ITraverseHandler&, int, int, int&, int&) const+0x288) [0x74ed4a4a09b8]
/home/agamubuntu/Xilinx/2025.1/Vivado/lib/lnx64.o/libxv_wavedata.so(WaveViewer::WVTreeWVObjectModel::traverseYRange(WaveViewer::WVTreeWVObjectModel::ITraverseHandler&, int, int) const+0x58) [0x74ed4a4a0af8]
/home/agamubuntu/Xilinx/2025.1/Vivado/lib/lnx64.o/libxv_wavedata.so(WaveViewer::WVWaveformPanel::getGraphics(HDGDStringStream&, long&)+0x3de) [0x74ed4a49822e]
/home/agamubuntu/Xilinx/2025.1/Vivado/lib/lnx64.o/libxv_wavedata.so(WVExecutiveImp::getGraphicsDataSize()+0x9a) [0x74ed4a50b42a]
/home/agamubuntu/Xilinx/2025.1/Vivado/lib/lnx64.o/libxv_wavedata.so(WVExecutive::getGraphicsDataSize()+0x18) [0x74ed4a50b8c8]
/home/agamubuntu/Xilinx/2025.1/Vivado/lib/lnx64.o/libxv_wavedata.so(Java_ui_views_waveform_waveformi_WVExecutive_1getGraphicsDataSize+0x1c) [0x74ed4a57a59c]
[0x74ed2ceb9b6a]
