
*** Running vivado
    with args -log core.vds -m64 -product Vivado -mode batch -messageDb vivado.pb -notrace -source core.tcl


****** Vivado v2025.1 (64-bit)
  **** SW Build 6140274 on Wed May 21 22:58:25 MDT 2025
  **** IP Build 6138677 on Thu May 22 03:10:11 MDT 2025
  **** SharedData Build 6139179 on Tue May 20 17:58:58 MDT 2025
  **** Start of session at: Sat Nov  8 23:57:14 2025
    ** Copyright 1986-2022 Xilinx, Inc. All Rights Reserved.
    ** Copyright 2022-2025 Advanced Micro Devices, Inc. All Rights Reserved.

source core.tcl -notrace
Command: read_checkpoint -auto_incremental -incremental /home/agamubuntu/Github/processor/riscv/riscv.srcs/utils_1/imports/synth_1/core.dcp
INFO: [Vivado 12-5825] Read reference checkpoint from /home/agamubuntu/Github/processor/riscv/riscv.srcs/utils_1/imports/synth_1/core.dcp for incremental synthesis
INFO: [Vivado 12-7989] Please ensure there are no constraint changes
Command: synth_design -top core -part xc7z020clg400-1 -flatten_hierarchy full
Starting synth_design
Attempting to get a license for feature 'Synthesis' and/or device 'xc7z020'
INFO: [Common 17-349] Got license for feature 'Synthesis' and/or device 'xc7z020'
INFO: [Device 21-403] Loading part xc7z020clg400-1
INFO: [Designutils 20-5440] No compile time benefit to using incremental synthesis; A full resynthesis will be run
INFO: [Designutils 20-4379] Flow is switching to default flow due to incremental criteria not met. If you would like to alter this behaviour and have the flow terminate instead, please set the following parameter config_implementation {autoIncr.Synth.RejectBehavior Terminate}
INFO: [Synth 8-7079] Multithreading enabled for synth_design using a maximum of 7 processes.
INFO: [Synth 8-7078] Launching helper process for spawning children vivado processes
INFO: [Synth 8-7075] Helper process launched with PID 49811
---------------------------------------------------------------------------------
Starting RTL Elaboration : Time (s): cpu = 00:00:04 ; elapsed = 00:00:04 . Memory (MB): peak = 2128.645 ; gain = 440.828 ; free physical = 5194 ; free virtual = 10100
---------------------------------------------------------------------------------
WARNING: [Synth 8-6901] identifier 'temp3' is used before its declaration [/home/agamubuntu/Github/processor/core/fpu/FPAdder.v:73]
WARNING: [Synth 8-6901] identifier 'is_NaN' is used before its declaration [/home/agamubuntu/Github/processor/core/fpu/FPMul.v:96]
WARNING: [Synth 8-6901] identifier 'mem_write_data' is used before its declaration [/home/agamubuntu/Github/processor/core/core.v:316]
WARNING: [Synth 8-6901] identifier 'mem_write_data' is used before its declaration [/home/agamubuntu/Github/processor/core/core.v:325]
WARNING: [Synth 8-7129] Port clk in module hdu is either unconnected or has no load
WARNING: [Synth 8-7129] Port rst in module hdu is either unconnected or has no load
WARNING: [Synth 8-7129] Port instr_IF_ID[31] in module forwarding_unit is either unconnected or has no load
WARNING: [Synth 8-7129] Port instr_IF_ID[30] in module forwarding_unit is either unconnected or has no load
WARNING: [Synth 8-7129] Port instr_IF_ID[29] in module forwarding_unit is either unconnected or has no load
WARNING: [Synth 8-7129] Port instr_IF_ID[28] in module forwarding_unit is either unconnected or has no load
WARNING: [Synth 8-7129] Port instr_IF_ID[27] in module forwarding_unit is either unconnected or has no load
WARNING: [Synth 8-7129] Port instr_IF_ID[26] in module forwarding_unit is either unconnected or has no load
WARNING: [Synth 8-7129] Port instr_IF_ID[25] in module forwarding_unit is either unconnected or has no load
WARNING: [Synth 8-7129] Port instr_IF_ID[24] in module forwarding_unit is either unconnected or has no load
WARNING: [Synth 8-7129] Port instr_IF_ID[23] in module forwarding_unit is either unconnected or has no load
WARNING: [Synth 8-7129] Port instr_IF_ID[22] in module forwarding_unit is either unconnected or has no load
WARNING: [Synth 8-7129] Port instr_IF_ID[21] in module forwarding_unit is either unconnected or has no load
WARNING: [Synth 8-7129] Port instr_IF_ID[20] in module forwarding_unit is either unconnected or has no load
WARNING: [Synth 8-7129] Port instr_IF_ID[19] in module forwarding_unit is either unconnected or has no load
WARNING: [Synth 8-7129] Port instr_IF_ID[18] in module forwarding_unit is either unconnected or has no load
WARNING: [Synth 8-7129] Port instr_IF_ID[17] in module forwarding_unit is either unconnected or has no load
WARNING: [Synth 8-7129] Port instr_IF_ID[16] in module forwarding_unit is either unconnected or has no load
WARNING: [Synth 8-7129] Port instr_IF_ID[15] in module forwarding_unit is either unconnected or has no load
WARNING: [Synth 8-7129] Port instr_IF_ID[11] in module forwarding_unit is either unconnected or has no load
WARNING: [Synth 8-7129] Port instr_IF_ID[10] in module forwarding_unit is either unconnected or has no load
WARNING: [Synth 8-7129] Port instr_IF_ID[9] in module forwarding_unit is either unconnected or has no load
WARNING: [Synth 8-7129] Port instr_IF_ID[8] in module forwarding_unit is either unconnected or has no load
WARNING: [Synth 8-7129] Port instr_IF_ID[7] in module forwarding_unit is either unconnected or has no load
WARNING: [Synth 8-7129] Port CLKB in module blk_mem_output_block__parameterized0 is either unconnected or has no load
WARNING: [Synth 8-7129] Port DOUTB_I[31] in module blk_mem_output_block__parameterized0 is either unconnected or has no load
WARNING: [Synth 8-7129] Port DOUTB_I[30] in module blk_mem_output_block__parameterized0 is either unconnected or has no load
WARNING: [Synth 8-7129] Port DOUTB_I[29] in module blk_mem_output_block__parameterized0 is either unconnected or has no load
WARNING: [Synth 8-7129] Port DOUTB_I[28] in module blk_mem_output_block__parameterized0 is either unconnected or has no load
WARNING: [Synth 8-7129] Port DOUTB_I[27] in module blk_mem_output_block__parameterized0 is either unconnected or has no load
WARNING: [Synth 8-7129] Port DOUTB_I[26] in module blk_mem_output_block__parameterized0 is either unconnected or has no load
WARNING: [Synth 8-7129] Port DOUTB_I[25] in module blk_mem_output_block__parameterized0 is either unconnected or has no load
WARNING: [Synth 8-7129] Port DOUTB_I[24] in module blk_mem_output_block__parameterized0 is either unconnected or has no load
WARNING: [Synth 8-7129] Port DOUTB_I[23] in module blk_mem_output_block__parameterized0 is either unconnected or has no load
WARNING: [Synth 8-7129] Port DOUTB_I[22] in module blk_mem_output_block__parameterized0 is either unconnected or has no load
WARNING: [Synth 8-7129] Port DOUTB_I[21] in module blk_mem_output_block__parameterized0 is either unconnected or has no load
WARNING: [Synth 8-7129] Port DOUTB_I[20] in module blk_mem_output_block__parameterized0 is either unconnected or has no load
WARNING: [Synth 8-7129] Port DOUTB_I[19] in module blk_mem_output_block__parameterized0 is either unconnected or has no load
WARNING: [Synth 8-7129] Port DOUTB_I[18] in module blk_mem_output_block__parameterized0 is either unconnected or has no load
WARNING: [Synth 8-7129] Port DOUTB_I[17] in module blk_mem_output_block__parameterized0 is either unconnected or has no load
WARNING: [Synth 8-7129] Port DOUTB_I[16] in module blk_mem_output_block__parameterized0 is either unconnected or has no load
WARNING: [Synth 8-7129] Port DOUTB_I[15] in module blk_mem_output_block__parameterized0 is either unconnected or has no load
WARNING: [Synth 8-7129] Port DOUTB_I[14] in module blk_mem_output_block__parameterized0 is either unconnected or has no load
WARNING: [Synth 8-7129] Port DOUTB_I[13] in module blk_mem_output_block__parameterized0 is either unconnected or has no load
WARNING: [Synth 8-7129] Port DOUTB_I[12] in module blk_mem_output_block__parameterized0 is either unconnected or has no load
WARNING: [Synth 8-7129] Port DOUTB_I[11] in module blk_mem_output_block__parameterized0 is either unconnected or has no load
WARNING: [Synth 8-7129] Port DOUTB_I[10] in module blk_mem_output_block__parameterized0 is either unconnected or has no load
WARNING: [Synth 8-7129] Port DOUTB_I[9] in module blk_mem_output_block__parameterized0 is either unconnected or has no load
WARNING: [Synth 8-7129] Port DOUTB_I[8] in module blk_mem_output_block__parameterized0 is either unconnected or has no load
WARNING: [Synth 8-7129] Port DOUTB_I[7] in module blk_mem_output_block__parameterized0 is either unconnected or has no load
WARNING: [Synth 8-7129] Port DOUTB_I[6] in module blk_mem_output_block__parameterized0 is either unconnected or has no load
WARNING: [Synth 8-7129] Port DOUTB_I[5] in module blk_mem_output_block__parameterized0 is either unconnected or has no load
WARNING: [Synth 8-7129] Port DOUTB_I[4] in module blk_mem_output_block__parameterized0 is either unconnected or has no load
WARNING: [Synth 8-7129] Port DOUTB_I[3] in module blk_mem_output_block__parameterized0 is either unconnected or has no load
WARNING: [Synth 8-7129] Port DOUTB_I[2] in module blk_mem_output_block__parameterized0 is either unconnected or has no load
WARNING: [Synth 8-7129] Port DOUTB_I[1] in module blk_mem_output_block__parameterized0 is either unconnected or has no load
WARNING: [Synth 8-7129] Port DOUTB_I[0] in module blk_mem_output_block__parameterized0 is either unconnected or has no load
WARNING: [Synth 8-7129] Port SBITERR_I in module blk_mem_output_block__parameterized0 is either unconnected or has no load
WARNING: [Synth 8-7129] Port DBITERR_I in module blk_mem_output_block__parameterized0 is either unconnected or has no load
WARNING: [Synth 8-7129] Port RDADDRECC_I[11] in module blk_mem_output_block__parameterized0 is either unconnected or has no load
WARNING: [Synth 8-7129] Port RDADDRECC_I[10] in module blk_mem_output_block__parameterized0 is either unconnected or has no load
WARNING: [Synth 8-7129] Port RDADDRECC_I[9] in module blk_mem_output_block__parameterized0 is either unconnected or has no load
WARNING: [Synth 8-7129] Port RDADDRECC_I[8] in module blk_mem_output_block__parameterized0 is either unconnected or has no load
WARNING: [Synth 8-7129] Port RDADDRECC_I[7] in module blk_mem_output_block__parameterized0 is either unconnected or has no load
WARNING: [Synth 8-7129] Port RDADDRECC_I[6] in module blk_mem_output_block__parameterized0 is either unconnected or has no load
WARNING: [Synth 8-7129] Port RDADDRECC_I[5] in module blk_mem_output_block__parameterized0 is either unconnected or has no load
WARNING: [Synth 8-7129] Port RDADDRECC_I[4] in module blk_mem_output_block__parameterized0 is either unconnected or has no load
WARNING: [Synth 8-7129] Port RDADDRECC_I[3] in module blk_mem_output_block__parameterized0 is either unconnected or has no load
WARNING: [Synth 8-7129] Port RDADDRECC_I[2] in module blk_mem_output_block__parameterized0 is either unconnected or has no load
WARNING: [Synth 8-7129] Port RDADDRECC_I[1] in module blk_mem_output_block__parameterized0 is either unconnected or has no load
WARNING: [Synth 8-7129] Port RDADDRECC_I[0] in module blk_mem_output_block__parameterized0 is either unconnected or has no load
WARNING: [Synth 8-7129] Port DOUTB[8] in module blk_mem_gen_prim_wrapper__parameterized2 is either unconnected or has no load
WARNING: [Synth 8-7129] Port DOUTB[7] in module blk_mem_gen_prim_wrapper__parameterized2 is either unconnected or has no load
WARNING: [Synth 8-7129] Port DOUTB[6] in module blk_mem_gen_prim_wrapper__parameterized2 is either unconnected or has no load
WARNING: [Synth 8-7129] Port DOUTB[5] in module blk_mem_gen_prim_wrapper__parameterized2 is either unconnected or has no load
WARNING: [Synth 8-7129] Port DOUTB[4] in module blk_mem_gen_prim_wrapper__parameterized2 is either unconnected or has no load
WARNING: [Synth 8-7129] Port DOUTB[3] in module blk_mem_gen_prim_wrapper__parameterized2 is either unconnected or has no load
WARNING: [Synth 8-7129] Port DOUTB[2] in module blk_mem_gen_prim_wrapper__parameterized2 is either unconnected or has no load
WARNING: [Synth 8-7129] Port DOUTB[1] in module blk_mem_gen_prim_wrapper__parameterized2 is either unconnected or has no load
WARNING: [Synth 8-7129] Port DOUTB[0] in module blk_mem_gen_prim_wrapper__parameterized2 is either unconnected or has no load
WARNING: [Synth 8-7129] Port SBITERR in module blk_mem_gen_prim_wrapper__parameterized2 is either unconnected or has no load
WARNING: [Synth 8-7129] Port DBITERR in module blk_mem_gen_prim_wrapper__parameterized2 is either unconnected or has no load
WARNING: [Synth 8-7129] Port SSRA in module blk_mem_gen_prim_wrapper__parameterized2 is either unconnected or has no load
WARNING: [Synth 8-7129] Port CLKB in module blk_mem_gen_prim_wrapper__parameterized2 is either unconnected or has no load
WARNING: [Synth 8-7129] Port SSRB in module blk_mem_gen_prim_wrapper__parameterized2 is either unconnected or has no load
WARNING: [Synth 8-7129] Port ENB in module blk_mem_gen_prim_wrapper__parameterized2 is either unconnected or has no load
WARNING: [Synth 8-7129] Port REGCEB in module blk_mem_gen_prim_wrapper__parameterized2 is either unconnected or has no load
WARNING: [Synth 8-7129] Port WEB[0] in module blk_mem_gen_prim_wrapper__parameterized2 is either unconnected or has no load
WARNING: [Synth 8-7129] Port ADDRB[11] in module blk_mem_gen_prim_wrapper__parameterized2 is either unconnected or has no load
WARNING: [Synth 8-7129] Port ADDRB[10] in module blk_mem_gen_prim_wrapper__parameterized2 is either unconnected or has no load
WARNING: [Synth 8-7129] Port ADDRB[9] in module blk_mem_gen_prim_wrapper__parameterized2 is either unconnected or has no load
WARNING: [Synth 8-7129] Port ADDRB[8] in module blk_mem_gen_prim_wrapper__parameterized2 is either unconnected or has no load
WARNING: [Synth 8-7129] Port ADDRB[7] in module blk_mem_gen_prim_wrapper__parameterized2 is either unconnected or has no load
WARNING: [Synth 8-7129] Port ADDRB[6] in module blk_mem_gen_prim_wrapper__parameterized2 is either unconnected or has no load
WARNING: [Synth 8-7129] Port ADDRB[5] in module blk_mem_gen_prim_wrapper__parameterized2 is either unconnected or has no load
WARNING: [Synth 8-7129] Port ADDRB[4] in module blk_mem_gen_prim_wrapper__parameterized2 is either unconnected or has no load
WARNING: [Synth 8-7129] Port ADDRB[3] in module blk_mem_gen_prim_wrapper__parameterized2 is either unconnected or has no load
WARNING: [Synth 8-7129] Port ADDRB[2] in module blk_mem_gen_prim_wrapper__parameterized2 is either unconnected or has no load
WARNING: [Synth 8-7129] Port ADDRB[1] in module blk_mem_gen_prim_wrapper__parameterized2 is either unconnected or has no load
WARNING: [Synth 8-7129] Port ADDRB[0] in module blk_mem_gen_prim_wrapper__parameterized2 is either unconnected or has no load
INFO: [Common 17-14] Message 'Synth 8-7129' appears 100 times and further instances of the messages will be disabled. Use the Tcl command set_msg_config to change the current settings.
---------------------------------------------------------------------------------
Finished RTL Elaboration : Time (s): cpu = 00:00:13 ; elapsed = 00:00:30 . Memory (MB): peak = 2688.969 ; gain = 1001.152 ; free physical = 241 ; free virtual = 4820
---------------------------------------------------------------------------------
---------------------------------------------------------------------------------
Start Handling Custom Attributes
---------------------------------------------------------------------------------
---------------------------------------------------------------------------------
Finished Handling Custom Attributes : Time (s): cpu = 00:00:13 ; elapsed = 00:00:31 . Memory (MB): peak = 2688.969 ; gain = 1001.152 ; free physical = 241 ; free virtual = 4820
---------------------------------------------------------------------------------
---------------------------------------------------------------------------------
Finished RTL Optimization Phase 1 : Time (s): cpu = 00:00:13 ; elapsed = 00:00:31 . Memory (MB): peak = 2688.969 ; gain = 1001.152 ; free physical = 241 ; free virtual = 4820
---------------------------------------------------------------------------------
Netlist sorting complete. Time (s): cpu = 00:00:00.51 ; elapsed = 00:00:00.52 . Memory (MB): peak = 2688.969 ; gain = 0.000 ; free physical = 245 ; free virtual = 4824
INFO: [Netlist 29-17] Analyzing 16961 Unisim elements for replacement
INFO: [Netlist 29-28] Unisim Transformation completed in 0 CPU seconds
INFO: [Project 1-570] Preparing netlist for logic optimization

Processing XDC Constraints
Initializing timing engine
Parsing XDC File [/home/agamubuntu/Github/processor/core/pynq/constraints.xdc]
Finished Parsing XDC File [/home/agamubuntu/Github/processor/core/pynq/constraints.xdc]
INFO: [Project 1-236] Implementation specific constraints were found while reading constraint file [/home/agamubuntu/Github/processor/core/pynq/constraints.xdc]. These constraints will be ignored for synthesis but will be used in implementation. Impacted constraints are listed in the file [.Xil/core_propImpl.xdc].
Resolution: To avoid this warning, move constraints listed in [.Xil/core_propImpl.xdc] to another XDC file and exclude this new file from synthesis with the used_in_synthesis property (File Properties dialog in GUI) and re-run elaboration/synthesis.
Parsing XDC File [/home/agamubuntu/Github/processor/riscv/riscv.runs/synth_1/dont_touch.xdc]
Finished Parsing XDC File [/home/agamubuntu/Github/processor/riscv/riscv.runs/synth_1/dont_touch.xdc]
Completed Processing XDC Constraints

Netlist sorting complete. Time (s): cpu = 00:00:00.02 ; elapsed = 00:00:00.02 . Memory (MB): peak = 2741.078 ; gain = 0.000 ; free physical = 260 ; free virtual = 4839
INFO: [Project 1-111] Unisim Transformation Summary:
No Unisim elements were transformed.

Constraint Validation Runtime : Time (s): cpu = 00:00:00.11 ; elapsed = 00:00:00.12 . Memory (MB): peak = 2741.113 ; gain = 0.000 ; free physical = 260 ; free virtual = 4838
INFO: [Designutils 20-5440] No compile time benefit to using incremental synthesis; A full resynthesis will be run
INFO: [Designutils 20-4379] Flow is switching to default flow due to incremental criteria not met. If you would like to alter this behaviour and have the flow terminate instead, please set the following parameter config_implementation {autoIncr.Synth.RejectBehavior Terminate}
---------------------------------------------------------------------------------
Finished Constraint Validation : Time (s): cpu = 00:00:23 ; elapsed = 00:00:40 . Memory (MB): peak = 2741.113 ; gain = 1053.297 ; free physical = 241 ; free virtual = 4819
---------------------------------------------------------------------------------
---------------------------------------------------------------------------------
Start Loading Part and Timing Information
---------------------------------------------------------------------------------
Loading part: xc7z020clg400-1
---------------------------------------------------------------------------------
Finished Loading Part and Timing Information : Time (s): cpu = 00:00:23 ; elapsed = 00:00:40 . Memory (MB): peak = 2749.082 ; gain = 1061.266 ; free physical = 241 ; free virtual = 4819
---------------------------------------------------------------------------------
---------------------------------------------------------------------------------
Start Applying 'set_property' XDC Constraints
---------------------------------------------------------------------------------
---------------------------------------------------------------------------------
Finished applying 'set_property' XDC Constraints : Time (s): cpu = 00:00:23 ; elapsed = 00:00:40 . Memory (MB): peak = 2749.082 ; gain = 1061.266 ; free physical = 240 ; free virtual = 4819
---------------------------------------------------------------------------------
WARNING: [Synth 8-327] inferring latch for variable 'fpu_op_reg' [/home/agamubuntu/Github/processor/core/fpu/fpu_cntrl.v:68]
WARNING: [Synth 8-327] inferring latch for variable 'fpu_rs1_reg' [/home/agamubuntu/Github/processor/core/fpu/fpu_cntrl.v:70]
WARNING: [Synth 8-327] inferring latch for variable 'fpu_rd_reg' [/home/agamubuntu/Github/processor/core/fpu/fpu_cntrl.v:69]
---------------------------------------------------------------------------------
Finished RTL Optimization Phase 2 : Time (s): cpu = 00:00:26 ; elapsed = 00:00:43 . Memory (MB): peak = 2749.082 ; gain = 1061.266 ; free physical = 273 ; free virtual = 4857
---------------------------------------------------------------------------------
INFO: [Synth 8-223] decloning instance 'ex_stage_instance/fpu_instance/f_sgnj_d' (FSGNJ) to 'ex_stage_instance/fpu_instance/f_sgnjn_d'
INFO: [Synth 8-223] decloning instance 'ex_stage_instance/fpu_instance/f_sgnj_s' (FSGNJ__parameterized0) to 'ex_stage_instance/fpu_instance/f_sgnjn_s'
---------------------------------------------------------------------------------
Start RTL Component Statistics 
---------------------------------------------------------------------------------
---------------------------------------------------------------------------------
Finished RTL Component Statistics 
---------------------------------------------------------------------------------
---------------------------------------------------------------------------------
Start Part Resource Summary
---------------------------------------------------------------------------------
Part Resources:
DSPs: 220 (col length:60)
BRAMs: 280 (col length: RAMB18 60 RAMB36 30)
---------------------------------------------------------------------------------
Finished Part Resource Summary
---------------------------------------------------------------------------------
---------------------------------------------------------------------------------
Start Cross Boundary and Area Optimization
---------------------------------------------------------------------------------
INFO: [Common 17-14] Message 'Synth 8-7129' appears 100 times and further instances of the messages will be disabled. Use the Tcl command set_msg_config to change the current settings.
INFO: [Common 17-14] Message 'Synth 8-7129' appears 100 times and further instances of the messages will be disabled. Use the Tcl command set_msg_config to change the current settings.
DSP Report: Generating DSP mantissa_product, operation Mode is: A*B.
DSP Report: operator mantissa_product is absorbed into DSP mantissa_product.
DSP Report: operator mantissa_product is absorbed into DSP mantissa_product.
DSP Report: Generating DSP mantissa_product, operation Mode is: PCIN+A*B.
DSP Report: operator mantissa_product is absorbed into DSP mantissa_product.
DSP Report: operator mantissa_product is absorbed into DSP mantissa_product.
DSP Report: Generating DSP mantissa_product, operation Mode is: (PCIN>>17)+A*B.
DSP Report: operator mantissa_product is absorbed into DSP mantissa_product.
DSP Report: operator mantissa_product is absorbed into DSP mantissa_product.
DSP Report: Generating DSP mantissa_product, operation Mode is: A*B.
DSP Report: operator mantissa_product is absorbed into DSP mantissa_product.
DSP Report: operator mantissa_product is absorbed into DSP mantissa_product.
DSP Report: Generating DSP mantissa_product, operation Mode is: PCIN+A*B.
DSP Report: operator mantissa_product is absorbed into DSP mantissa_product.
DSP Report: operator mantissa_product is absorbed into DSP mantissa_product.
DSP Report: Generating DSP mantissa_product, operation Mode is: PCIN+A*B.
DSP Report: operator mantissa_product is absorbed into DSP mantissa_product.
DSP Report: operator mantissa_product is absorbed into DSP mantissa_product.
DSP Report: Generating DSP mantissa_product, operation Mode is: A*B.
DSP Report: operator mantissa_product is absorbed into DSP mantissa_product.
DSP Report: operator mantissa_product is absorbed into DSP mantissa_product.
DSP Report: Generating DSP mantissa_product, operation Mode is: (PCIN>>17)+A*B.
DSP Report: operator mantissa_product is absorbed into DSP mantissa_product.
DSP Report: operator mantissa_product is absorbed into DSP mantissa_product.
DSP Report: Generating DSP mantissa_product, operation Mode is: PCIN+A*B.
DSP Report: operator mantissa_product is absorbed into DSP mantissa_product.
DSP Report: operator mantissa_product is absorbed into DSP mantissa_product.
DSP Report: Generating DSP mantissa_product, operation Mode is: A*B.
DSP Report: operator mantissa_product is absorbed into DSP mantissa_product.
DSP Report: operator mantissa_product is absorbed into DSP mantissa_product.
DSP Report: Generating DSP mantissa_product, operation Mode is: A*B.
DSP Report: operator mantissa_product is absorbed into DSP mantissa_product.
DSP Report: operator mantissa_product is absorbed into DSP mantissa_product.
DSP Report: Generating DSP mantissa_product, operation Mode is: (PCIN>>17)+A*B.
DSP Report: operator mantissa_product is absorbed into DSP mantissa_product.
DSP Report: operator mantissa_product is absorbed into DSP mantissa_product.
INFO: [Synth 8-5587] ROM size for "reg_write" is below threshold of ROM address width. It will be mapped to LUTs
INFO: [Synth 8-5546] ROM "mem_write" won't be mapped to RAM because it is too sparse
INFO: [Synth 8-5546] ROM "mem_read" won't be mapped to RAM because it is too sparse
INFO: [Synth 8-5546] ROM "jump_src" won't be mapped to RAM because it is too sparse
INFO: [Synth 8-5546] ROM "jalr_src" won't be mapped to RAM because it is too sparse
INFO: [Synth 8-5546] ROM "u_src" won't be mapped to RAM because it is too sparse
INFO: [Synth 8-5587] ROM size for "uj_src" is below threshold of ROM address width. It will be mapped to LUTs
INFO: [Synth 8-5587] ROM size for "alu_src" is below threshold of ROM address width. It will be mapped to LUTs
INFO: [Synth 8-5546] ROM "alu_fpu" won't be mapped to RAM because it is too sparse
INFO: [Synth 8-5587] ROM size for "reg_write" is below threshold of ROM address width. It will be mapped to LUTs
INFO: [Synth 8-5546] ROM "mem_write" won't be mapped to RAM because it is too sparse
INFO: [Synth 8-5546] ROM "mem_read" won't be mapped to RAM because it is too sparse
INFO: [Synth 8-5546] ROM "jump_src" won't be mapped to RAM because it is too sparse
INFO: [Synth 8-5546] ROM "jalr_src" won't be mapped to RAM because it is too sparse
INFO: [Synth 8-5546] ROM "u_src" won't be mapped to RAM because it is too sparse
INFO: [Synth 8-5587] ROM size for "uj_src" is below threshold of ROM address width. It will be mapped to LUTs
INFO: [Synth 8-5587] ROM size for "alu_src" is below threshold of ROM address width. It will be mapped to LUTs
INFO: [Synth 8-5546] ROM "alu_fpu" won't be mapped to RAM because it is too sparse
INFO: [Synth 8-5544] ROM "weas_unrotated" won't be mapped to Block RAM because address size (2) smaller than threshold (5)
INFO: [Common 17-14] Message 'Synth 8-7129' appears 100 times and further instances of the messages will be disabled. Use the Tcl command set_msg_config to change the current settings.
---------------------------------------------------------------------------------
Finished Cross Boundary and Area Optimization : Time (s): cpu = 00:01:02 ; elapsed = 00:01:20 . Memory (MB): peak = 2761.008 ; gain = 1073.191 ; free physical = 265 ; free virtual = 4085
---------------------------------------------------------------------------------
 Sort Area is alu__GC0 p_1_out_0 : 0 0 : 2701 10833 : Used 1 time 0
 Sort Area is alu__GC0 p_1_out_0 : 0 1 : 2710 10833 : Used 1 time 0
 Sort Area is alu__GC0 p_1_out_0 : 0 2 : 2712 10833 : Used 1 time 0
 Sort Area is alu__GC0 p_1_out_0 : 0 3 : 2710 10833 : Used 1 time 0
 Sort Area is alu__GC0 p_1_out_4 : 0 0 : 2701 10124 : Used 1 time 0
 Sort Area is alu__GC0 p_1_out_4 : 0 1 : 2712 10124 : Used 1 time 0
 Sort Area is alu__GC0 p_1_out_4 : 0 2 : 1999 10124 : Used 1 time 0
 Sort Area is alu__GC0 p_1_out_4 : 0 3 : 2712 10124 : Used 1 time 0
 Sort Area is alu__GC0 p_1_out_6 : 0 0 : 2701 9423 : Used 1 time 0
 Sort Area is alu__GC0 p_1_out_6 : 0 1 : 2011 9423 : Used 1 time 0
 Sort Area is alu__GC0 p_1_out_6 : 0 2 : 1999 9423 : Used 1 time 0
 Sort Area is alu__GC0 p_1_out_6 : 0 3 : 2712 9423 : Used 1 time 0
 Sort Area is fpu__GC0 mantissa_product_7 : 0 0 : 3022 8973 : Used 1 time 0
 Sort Area is fpu__GC0 mantissa_product_7 : 0 1 : 3030 8973 : Used 1 time 0
 Sort Area is fpu__GC0 mantissa_product_7 : 0 2 : 2921 8973 : Used 1 time 0
 Sort Area is fpu__GC0 mantissa_product_4 : 0 0 : 3022 8764 : Used 1 time 0
 Sort Area is fpu__GC0 mantissa_product_4 : 0 1 : 2712 8764 : Used 1 time 0
 Sort Area is fpu__GC0 mantissa_product_4 : 0 2 : 3030 8764 : Used 1 time 0
 Sort Area is fpu__GC0 mantissa_product_0 : 0 0 : 2701 8123 : Used 1 time 0
 Sort Area is fpu__GC0 mantissa_product_0 : 0 1 : 2710 8123 : Used 1 time 0
 Sort Area is fpu__GC0 mantissa_product_0 : 0 2 : 2712 8123 : Used 1 time 0
 Sort Area is alu__GC0 p_1_out_8 : 0 0 : 1995 7576 : Used 1 time 0
 Sort Area is alu__GC0 p_1_out_8 : 0 1 : 1999 7576 : Used 1 time 0
 Sort Area is alu__GC0 p_1_out_8 : 0 2 : 2011 7576 : Used 1 time 0
 Sort Area is alu__GC0 p_1_out_8 : 0 3 : 1571 7576 : Used 1 time 0
 Sort Area is fpu__GC0 mantissa_product_9 : 0 0 : 2701 3896 : Used 1 time 0
 Sort Area is fpu__GC0 mantissa_product_9 : 0 1 : 1195 3896 : Used 1 time 0
 Sort Area is fpu__GC0 mantissa_product_b : 0 0 : 1243 1243 : Used 1 time 0
---------------------------------------------------------------------------------
Start Applying XDC Timing Constraints
---------------------------------------------------------------------------------
---------------------------------------------------------------------------------
Finished Applying XDC Timing Constraints : Time (s): cpu = 00:01:27 ; elapsed = 00:01:28 . Memory (MB): peak = 2761.008 ; gain = 1073.191 ; free physical = 1172 ; free virtual = 5014
---------------------------------------------------------------------------------
---------------------------------------------------------------------------------
Start Timing Optimization
---------------------------------------------------------------------------------
---------------------------------------------------------------------------------
Finished Timing Optimization : Time (s): cpu = 00:02:04 ; elapsed = 00:02:07 . Memory (MB): peak = 3037.508 ; gain = 1349.691 ; free physical = 975 ; free virtual = 4823
---------------------------------------------------------------------------------
---------------------------------------------------------------------------------
Start Technology Mapping
---------------------------------------------------------------------------------
---------------------------------------------------------------------------------
Finished Technology Mapping : Time (s): cpu = 00:02:20 ; elapsed = 00:02:26 . Memory (MB): peak = 3049.434 ; gain = 1361.617 ; free physical = 216 ; free virtual = 3550
---------------------------------------------------------------------------------
---------------------------------------------------------------------------------
Start IO Insertion
---------------------------------------------------------------------------------
---------------------------------------------------------------------------------
Start Flattening Before IO Insertion
---------------------------------------------------------------------------------
---------------------------------------------------------------------------------
Finished Flattening Before IO Insertion
---------------------------------------------------------------------------------
---------------------------------------------------------------------------------
Start Final Netlist Cleanup
---------------------------------------------------------------------------------
---------------------------------------------------------------------------------
Finished Final Netlist Cleanup
---------------------------------------------------------------------------------
---------------------------------------------------------------------------------
Finished IO Insertion : Time (s): cpu = 00:02:25 ; elapsed = 00:02:31 . Memory (MB): peak = 3049.434 ; gain = 1361.617 ; free physical = 196 ; free virtual = 3536
---------------------------------------------------------------------------------
---------------------------------------------------------------------------------
Start Renaming Generated Instances
---------------------------------------------------------------------------------
---------------------------------------------------------------------------------
Finished Renaming Generated Instances : Time (s): cpu = 00:02:25 ; elapsed = 00:02:31 . Memory (MB): peak = 3049.434 ; gain = 1361.617 ; free physical = 196 ; free virtual = 3536
---------------------------------------------------------------------------------
---------------------------------------------------------------------------------
Start Handling Custom Attributes
---------------------------------------------------------------------------------
---------------------------------------------------------------------------------
Finished Handling Custom Attributes : Time (s): cpu = 00:02:29 ; elapsed = 00:02:35 . Memory (MB): peak = 3049.434 ; gain = 1361.617 ; free physical = 191 ; free virtual = 3517
---------------------------------------------------------------------------------
---------------------------------------------------------------------------------
Start Writing Synthesis Report
---------------------------------------------------------------------------------

DSP Final Report (the ' indicates corresponding REG is set)
+------------+--------------+--------+--------+--------+--------+--------+------+------+------+------+-------+------+------+
|Module Name | DSP Mapping  | A Size | B Size | C Size | D Size | P Size | AREG | BREG | CREG | DREG | ADREG | MREG | PREG | 
+------------+--------------+--------+--------+--------+--------+--------+------+------+------+------+-------+------+------+
|mul         | A*B          | 17     | 18     | -      | -      | 48     | 0    | 0    | -    | -    | -     | 0    | 0    | 
|mul         | PCIN>>17+A*B | 17     | 18     | -      | -      | 48     | 0    | 0    | -    | -    | -     | 0    | 0    | 
|mul         | PCIN+A*B     | 17     | 18     | -      | -      | 48     | 0    | 0    | -    | -    | -     | 0    | 0    | 
|mul         | PCIN>>17+A*B | 30     | 18     | -      | -      | 26     | 0    | 0    | -    | -    | -     | 0    | 0    | 
|mul         | A*B          | 17     | 17     | -      | -      | 48     | 0    | 0    | -    | -    | -     | 0    | 0    | 
|mul         | PCIN+A*B     | 17     | 18     | -      | -      | 48     | 0    | 0    | -    | -    | -     | 0    | 0    | 
|mul         | PCIN>>17+A*B | 17     | 18     | -      | -      | 48     | 0    | 0    | -    | -    | -     | 0    | 0    | 
|mul         | PCIN+A*B     | 17     | 17     | -      | -      | 48     | 0    | 0    | -    | -    | -     | 0    | 0    | 
|mul         | A*B          | 17     | 17     | -      | -      | 48     | 0    | 0    | -    | -    | -     | 0    | 0    | 
|mul         | PCIN+A*B     | 17     | 17     | -      | -      | 48     | 0    | 0    | -    | -    | -     | 0    | 0    | 
|mul         | PCIN>>17+A*B | 17     | 18     | -      | -      | 48     | 0    | 0    | -    | -    | -     | 0    | 0    | 
|mul         | PCIN+A*B     | 17     | 17     | -      | -      | 48     | 0    | 0    | -    | -    | -     | 0    | 0    | 
|mul         | A*B          | 17     | 17     | -      | -      | 48     | 0    | 0    | -    | -    | -     | 0    | 0    | 
|mul         | PCIN>>17+A*B | 17     | 17     | -      | -      | 48     | 0    | 0    | -    | -    | -     | 0    | 0    | 
|mul         | PCIN+A*B     | 17     | 17     | -      | -      | 48     | 0    | 0    | -    | -    | -     | 0    | 0    | 
|mul         | PCIN>>17+A*B | 17     | 17     | -      | -      | 48     | 0    | 0    | -    | -    | -     | 0    | 0    | 
|FPMul       | A*B          | 19     | 17     | -      | -      | 48     | 0    | 0    | -    | -    | -     | 0    | 0    | 
|FPMul       | PCIN+A*B     | 19     | 17     | -      | -      | 48     | 0    | 0    | -    | -    | -     | 0    | 0    | 
|FPMul       | PCIN>>17+A*B | 19     | 17     | -      | -      | 38     | 0    | 0    | -    | -    | -     | 0    | 0    | 
|FPMul       | A*B          | 19     | 17     | -      | -      | 48     | 0    | 0    | -    | -    | -     | 0    | 0    | 
|FPMul       | PCIN+A*B     | 17     | 17     | -      | -      | 48     | 0    | 0    | -    | -    | -     | 0    | 0    | 
|FPMul       | PCIN+A*B     | 19     | 17     | -      | -      | 48     | 0    | 0    | -    | -    | -     | 0    | 0    | 
|FPMul       | A*B          | 17     | 17     | -      | -      | 48     | 0    | 0    | -    | -    | -     | 0    | 0    | 
|FPMul       | PCIN>>17+A*B | 17     | 17     | -      | -      | 48     | 0    | 0    | -    | -    | -     | 0    | 0    | 
|FPMul       | PCIN+A*B     | 17     | 17     | -      | -      | 48     | 0    | 0    | -    | -    | -     | 0    | 0    | 
|FPMul       | A*B          | 17     | 7      | -      | -      | 48     | 0    | 0    | -    | -    | -     | 0    | 0    | 
|FPMul       | A*B          | 17     | 17     | -      | -      | 48     | 0    | 0    | -    | -    | -     | 0    | 0    | 
|FPMul       | PCIN>>17+A*B | 17     | 7      | -      | -      | 31     | 0    | 0    | -    | -    | -     | 0    | 0    | 
+------------+--------------+--------+--------+--------+--------+--------+------+------+------+------+-------+------+------+


Report BlackBoxes: 
+-+--------------+----------+
| |BlackBox name |Instances |
+-+--------------+----------+
+-+--------------+----------+

Report Cell Usage: 
+------+---------+------+
|      |Cell     |Count |
+------+---------+------+
|1     |BUFG     |     1|
|2     |CARRY4   |  5704|
|3     |DSP48E1  |    28|
|4     |LUT1     |   584|
|5     |LUT2     |  6060|
|6     |LUT3     | 18440|
|7     |LUT4     |  2179|
|8     |LUT5     |  7523|
|9     |LUT6     |  7139|
|10    |MUXCY    |  8450|
|11    |MUXF7    |  1137|
|12    |MUXF8    |   513|
|13    |RAMB36E1 |    37|
|20    |SRL16E   |     2|
|21    |XORCY    |  8450|
|22    |FDRE     | 16239|
|23    |LD       |     8|
|24    |IBUF     |     2|
|25    |OBUF     |    64|
+------+---------+------+
---------------------------------------------------------------------------------
Finished Writing Synthesis Report : Time (s): cpu = 00:02:29 ; elapsed = 00:02:35 . Memory (MB): peak = 3049.434 ; gain = 1361.617 ; free physical = 191 ; free virtual = 3517
---------------------------------------------------------------------------------
Synthesis finished with 0 errors, 0 critical warnings and 317 warnings.
Synthesis Optimization Runtime : Time (s): cpu = 00:02:23 ; elapsed = 00:02:33 . Memory (MB): peak = 3049.434 ; gain = 1309.473 ; free physical = 6394 ; free virtual = 9721
Synthesis Optimization Complete : Time (s): cpu = 00:02:29 ; elapsed = 00:02:39 . Memory (MB): peak = 3049.434 ; gain = 1361.617 ; free physical = 6405 ; free virtual = 9717
INFO: [Project 1-571] Translating synthesized netlist
Netlist sorting complete. Time (s): cpu = 00:00:00.45 ; elapsed = 00:00:00.45 . Memory (MB): peak = 3049.434 ; gain = 0.000 ; free physical = 6404 ; free virtual = 9717
INFO: [Netlist 29-17] Analyzing 24327 Unisim elements for replacement
INFO: [Netlist 29-28] Unisim Transformation completed in 0 CPU seconds
INFO: [Project 1-570] Preparing netlist for logic optimization
INFO: [Opt 31-138] Pushed 0 inverter(s) to 0 load pin(s).
Netlist sorting complete. Time (s): cpu = 00:00:00.02 ; elapsed = 00:00:00.02 . Memory (MB): peak = 3093.535 ; gain = 0.000 ; free physical = 6361 ; free virtual = 9705
INFO: [Project 1-111] Unisim Transformation Summary:
  A total of 2218 instances were transformed.
  (MUXCY,XORCY) => CARRY4: 2210 instances
  LD => LDCE: 8 instances

Synth Design complete | Checksum: af7dc5ee
INFO: [Common 17-83] Releasing license: Synthesis
196 Infos, 179 Warnings, 0 Critical Warnings and 0 Errors encountered.
synth_design completed successfully
synth_design: Time (s): cpu = 00:02:52 ; elapsed = 00:03:02 . Memory (MB): peak = 3093.570 ; gain = 1576.551 ; free physical = 6365 ; free virtual = 9708
INFO: [Common 17-2834] synth_design peak Physical Memory [PSS] (MB): overall = 7982.854; main = 2226.695; forked = 6248.446
INFO: [Common 17-2834] synth_design peak Virtual Memory [VSS] (MB): overall = 16681.367; main = 3093.539; forked = 13924.273
Write ShapeDB Complete: Time (s): cpu = 00:00:00.57 ; elapsed = 00:00:00.21 . Memory (MB): peak = 3117.547 ; gain = 0.000 ; free physical = 6352 ; free virtual = 9715
INFO: [Common 17-1381] The checkpoint '/home/agamubuntu/Github/processor/riscv/riscv.runs/synth_1/core.dcp' has been generated.
INFO: [Vivado 12-24828] Executing command : report_utilization -file core_utilization_synth.rpt -pb core_utilization_synth.pb
INFO: [Common 17-206] Exiting Vivado at Sun Nov  9 00:00:24 2025...
